ライセンス管理ツール バージョン 6.420.0 (ビルド日 2017/09/14 18:02:38)。
admin >c localhost 4084 
	ソフトウェア バージョン: 6.420.0
	ビルド日: 2017/09/14 18:02:38
	スタンドアロン モード
	準備完了: はい
	サーバー名: afimgr001   サーバー ID: NDQ-519F141B0EE43652
admin > glu
	Dassault Systemes (5E756A80-1C80-478D-B83A-1D5913677621)
		IGD  最大リリース番号: 24  最大リリース日付: 23/07/01 8:59:00 有効期限: 23/07/01 8:59:00 タイプ: ConcurrentUser  カウント:     1  使用中: 0 顧客 ID: 200000000020938 価格体系: YLC
		IGE  最大リリース番号: 24  最大リリース日付: 23/07/01 8:59:00 有効期限: 23/07/01 8:59:00 タイプ: ConcurrentUser  カウント:     1  使用中: 0 顧客 ID: 200000000020938 価格体系: YLC
		IGF  最大リリース番号: 23  最大リリース日付: 23/07/01 8:59:00 有効期限: 23/07/01 8:59:00 タイプ: Token           カウント:    50  使用中: 0 顧客 ID: 200000000020938 価格体系: YLC
		IGF  最大リリース番号: 24  最大リリース日付: 23/07/01 8:59:00 有効期限: 23/07/01 8:59:00 タイプ: Token           カウント:    50  使用中: 0 顧客 ID: 200000000020938 価格体系: YLC
		IGR  最大リリース番号: 24  最大リリース日付: 23/07/01 8:59:00 有効期限: 23/07/01 8:59:00 タイプ: ConcurrentUser  カウント:     1  使用中: 0 顧客 ID: 200000000020938 価格体系: YLC
		Q6I  最大リリース番号: 24  最大リリース日付: 23/07/01 8:59:00 有効期限: 23/07/01 8:59:00 タイプ: ConcurrentUser  カウント:     1  使用中: 0 顧客 ID: 200000000020938 価格体系: YLC
		QAE  最大リリース番号: 24  最大リリース日付: 23/07/01 8:59:00 有効期限: 23/07/01 8:59:00 タイプ: Token           カウント:     1  使用中: 0 顧客 ID: 200000000020938 価格体系: YLC
		QAQ  最大リリース番号: 24  最大リリース日付: 23/07/01 8:59:00 有効期限: 23/07/01 8:59:00 タイプ: ConcurrentUser  カウント:     1  使用中: 0 顧客 ID: 200000000020938 価格体系: YLC
		QAS  最大リリース番号: 24  最大リリース日付: 23/07/01 8:59:00 有効期限: 23/07/01 8:59:00 タイプ: ConcurrentUser  カウント:     1  使用中: 0 顧客 ID: 200000000020938 価格体系: YLC
		QAX  最大リリース番号: 24  最大リリース日付: 23/07/01 8:59:00 有効期限: 23/07/01 8:59:00 タイプ: Token           カウント:     1  使用中: 0 顧客 ID: 200000000020938 価格体系: YLC
		QCA  最大リリース番号: 24  最大リリース日付: 23/07/01 8:59:00 有効期限: 23/07/01 8:59:00 タイプ: ConcurrentUser  カウント:     1  使用中: 0 顧客 ID: 200000000020938 価格体系: YLC
		QCD  最大リリース番号: 24  最大リリース日付: 23/07/01 8:59:00 有効期限: 23/07/01 8:59:00 タイプ: ConcurrentUser  カウント:     1  使用中: 0 顧客 ID: 200000000020938 価格体系: YLC
		QCF  最大リリース番号: 23  最大リリース日付: 23/07/01 8:59:00 有効期限: 23/07/01 8:59:00 タイプ: Token           カウント:    50  使用中: 0 顧客 ID: 200000000020938 価格体系: YLC
		QCF  最大リリース番号: 24  最大リリース日付: 23/07/01 8:59:00 有効期限: 23/07/01 8:59:00 タイプ: Token           カウント:    50  使用中: 0 顧客 ID: 200000000020938 価格体系: YLC
		QCL  最大リリース番号: 24  最大リリース日付: 23/07/01 8:59:00 有効期限: 23/07/01 8:59:00 タイプ: ConcurrentUser  カウント:     1  使用中: 0 顧客 ID: 200000000020938 価格体系: YLC
		QDC  最大リリース番号: 24  最大リリース日付: 23/07/01 8:59:00 有効期限: 23/07/01 8:59:00 タイプ: ConcurrentUser  カウント:     1  使用中: 0 顧客 ID: 200000000020938 価格体系: YLC
		QDN  最大リリース番号: 24  最大リリース日付: 23/07/01 8:59:00 有効期限: 23/07/01 8:59:00 タイプ: ConcurrentUser  カウント:     1  使用中: 0 顧客 ID: 200000000020938 価格体系: YLC
		QDP  最大リリース番号: 23  最大リリース日付: 23/07/01 8:59:00 有効期限: 23/07/01 8:59:00 タイプ: Token           カウント:    50  使用中: 0 顧客 ID: 200000000020938 価格体系: YLC
		QDP  最大リリース番号: 24  最大リリース日付: 23/07/01 8:59:00 有効期限: 23/07/01 8:59:00 タイプ: Token           カウント:    50  使用中: 0 顧客 ID: 200000000020938 価格体系: YLC
		QDS  最大リリース番号: 23  最大リリース日付: 23/07/01 8:59:00 有効期限: 23/07/01 8:59:00 タイプ: Token           カウント:    50  使用中: 0 顧客 ID: 200000000020938 価格体系: YLC
		QDS  最大リリース番号: 24  最大リリース日付: 23/07/01 8:59:00 有効期限: 23/07/01 8:59:00 タイプ: Token           カウント:    50  使用中: 0 顧客 ID: 200000000020938 価格体系: YLC
		QDT  最大リリース番号: 23  最大リリース日付: 23/07/01 8:59:00 有効期限: 23/07/01 8:59:00 タイプ: Token           カウント:    50  使用中: 0 顧客 ID: 200000000020938 価格体系: YLC
		QDT  最大リリース番号: 24  最大リリース日付: 23/07/01 8:59:00 有効期限: 23/07/01 8:59:00 タイプ: Token           カウント:    50  使用中: 0 顧客 ID: 200000000020938 価格体系: YLC
		QEL  最大リリース番号: 24  最大リリース日付: 23/07/01 8:59:00 有効期限: 23/07/01 8:59:00 タイプ: ConcurrentUser  カウント:     1  使用中: 0 顧客 ID: 200000000020938 価格体系: YLC
		QEX  最大リリース番号: 23  最大リリース日付: 23/07/01 8:59:00 有効期限: 23/07/01 8:59:00 タイプ: Token           カウント:    50  使用中: 0 顧客 ID: 200000000020938 価格体系: YLC
		QEX  最大リリース番号: 24  最大リリース日付: 23/07/01 8:59:00 有効期限: 23/07/01 8:59:00 タイプ: Token           カウント:    50  使用中: 0 顧客 ID: 200000000020938 価格体系: YLC
		QFT  最大リリース番号: 23  最大リリース日付: 23/07/01 8:59:00 有効期限: 23/07/01 8:59:00 タイプ: Token           カウント:    50  使用中: 0 顧客 ID: 200000000020938 価格体系: YLC
		QFT  最大リリース番号: 24  最大リリース日付: 23/07/01 8:59:00 有効期限: 23/07/01 8:59:00 タイプ: Token           カウント:    50  使用中: 0 顧客 ID: 200000000020938 価格体系: YLC
		QFX  最大リリース番号: 24  最大リリース日付: 23/07/01 8:59:00 有効期限: 23/07/01 8:59:00 タイプ: Token           カウント:     1  使用中: 0 顧客 ID: 200000000020938 価格体系: YLC
		QIA  最大リリース番号: 23  最大リリース日付: 23/07/01 8:59:00 有効期限: 23/07/01 8:59:00 タイプ: Token           カウント:    50  使用中: 0 顧客 ID: 200000000020938 価格体系: YLC
		QIA  最大リリース番号: 24  最大リリース日付: 23/07/01 8:59:00 有効期限: 23/07/01 8:59:00 タイプ: Token           カウント:    50  使用中: 0 顧客 ID: 200000000020938 価格体系: YLC
		QIF  最大リリース番号: 23  最大リリース日付: 23/07/01 8:59:00 有効期限: 23/07/01 8:59:00 タイプ: Token           カウント:    50  使用中: 0 顧客 ID: 200000000020938 価格体系: YLC
		QIF  最大リリース番号: 24  最大リリース日付: 23/07/01 8:59:00 有効期限: 23/07/01 8:59:00 タイプ: Token           カウント:    50  使用中: 0 顧客 ID: 200000000020938 価格体系: YLC
		QIN  最大リリース番号: 23  最大リリース日付: 23/07/01 8:59:00 有効期限: 23/07/01 8:59:00 タイプ: Token           カウント:    50  使用中: 0 顧客 ID: 200000000020938 価格体系: YLC
		QIN  最大リリース番号: 24  最大リリース日付: 23/07/01 8:59:00 有効期限: 23/07/01 8:59:00 タイプ: Token           カウント:    50  使用中: 0 顧客 ID: 200000000020938 価格体系: YLC
		QIQ  最大リリース番号: 23  最大リリース日付: 23/07/01 8:59:00 有効期限: 23/07/01 8:59:00 タイプ: Token           カウント:    50  使用中: 0 顧客 ID: 200000000020938 価格体系: YLC
		QIQ  最大リリース番号: 24  最大リリース日付: 23/07/01 8:59:00 有効期限: 23/07/01 8:59:00 タイプ: Token           カウント:    50  使用中: 0 顧客 ID: 200000000020938 価格体系: YLC
		QIS  最大リリース番号: 23  最大リリース日付: 23/07/01 8:59:00 有効期限: 23/07/01 8:59:00 タイプ: Token           カウント:    50  使用中: 0 顧客 ID: 200000000020938 価格体系: YLC
		QIS  最大リリース番号: 24  最大リリース日付: 23/07/01 8:59:00 有効期限: 23/07/01 8:59:00 タイプ: Token           カウント:    50  使用中: 0 顧客 ID: 200000000020938 価格体系: YLC
		QMS  最大リリース番号: 24  最大リリース日付: 23/07/01 8:59:00 有効期限: 23/07/01 8:59:00 タイプ: ConcurrentUser  カウント:     1  使用中: 0 顧客 ID: 200000000020938 価格体系: YLC
		QPF  最大リリース番号: 24  最大リリース日付: 23/07/01 8:59:00 有効期限: 23/07/01 8:59:00 タイプ: ConcurrentUser  カウント:     1  使用中: 0 顧客 ID: 200000000020938 価格体系: YLC
		QPL  最大リリース番号: 24  最大リリース日付: 23/07/01 8:59:00 有効期限: 23/07/01 8:59:00 タイプ: ConcurrentUser  カウント: 16384  使用中: 0 顧客 ID: 200000000020938 価格体系: YLC
		QPU  最大リリース番号: 24  最大リリース日付: 23/07/01 8:59:00 有効期限: 23/07/01 8:59:00 タイプ: ConcurrentUser  カウント:     1  使用中: 0 顧客 ID: 200000000020938 価格体系: YLC
		QS3  最大リリース番号: 23  最大リリース日付: 23/07/01 8:59:00 有効期限: 23/07/01 8:59:00 タイプ: Token           カウント:    50  使用中: 0 顧客 ID: 200000000020938 価格体系: YLC
		QS3  最大リリース番号: 24  最大リリース日付: 23/07/01 8:59:00 有効期限: 23/07/01 8:59:00 タイプ: Token           カウント:    50  使用中: 0 顧客 ID: 200000000020938 価格体系: YLC
		QSA  最大リリース番号: 23  最大リリース日付: 23/07/01 8:59:00 有効期限: 23/07/01 8:59:00 タイプ: Token           カウント:    50  使用中: 0 顧客 ID: 200000000020938 価格体系: YLC
		QSA  最大リリース番号: 24  最大リリース日付: 23/07/01 8:59:00 有効期限: 23/07/01 8:59:00 タイプ: Token           カウント:    50  使用中: 0 顧客 ID: 200000000020938 価格体系: YLC
		QSD  最大リリース番号: 23  最大リリース日付: 23/07/01 8:59:00 有効期限: 23/07/01 8:59:00 タイプ: Token           カウント:    50  使用中: 0 顧客 ID: 200000000020938 価格体系: YLC
		QSD  最大リリース番号: 24  最大リリース日付: 23/07/01 8:59:00 有効期限: 23/07/01 8:59:00 タイプ: Token           カウント:    50  使用中: 0 顧客 ID: 200000000020938 価格体系: YLC
		QSE  最大リリース番号: 24  最大リリース日付: 23/07/01 8:59:00 有効期限: 23/07/01 8:59:00 タイプ: ConcurrentUser  カウント:     1  使用中: 0 顧客 ID: 200000000020938 価格体系: YLC
		QSH  最大リリース番号: 23  最大リリース日付: 23/07/01 8:59:00 有効期限: 23/07/01 8:59:00 タイプ: Token           カウント:    50  使用中: 0 顧客 ID: 200000000020938 価格体系: YLC
		QSH  最大リリース番号: 24  最大リリース日付: 23/07/01 8:59:00 有効期限: 23/07/01 8:59:00 タイプ: Token           カウント:    50  使用中: 0 顧客 ID: 200000000020938 価格体系: YLC
		QSI  最大リリース番号: 24  最大リリース日付: 23/07/01 8:59:00 有効期限: 23/07/01 8:59:00 タイプ: ConcurrentUser  カウント:     1  使用中: 0 顧客 ID: 200000000020938 価格体系: YLC
		QSL  最大リリース番号: 23  最大リリース日付: 23/07/01 8:59:00 有効期限: 23/07/01 8:59:00 タイプ: Token           カウント:    50  使用中: 0 顧客 ID: 200000000020938 価格体系: YLC
		QSL  最大リリース番号: 24  最大リリース日付: 23/07/01 8:59:00 有効期限: 23/07/01 8:59:00 タイプ: Token           カウント:    50  使用中: 0 顧客 ID: 200000000020938 価格体系: YLC
		QSM  最大リリース番号: 23  最大リリース日付: 23/07/01 8:59:00 有効期限: 23/07/01 8:59:00 タイプ: Token           カウント:    50  使用中: 0 顧客 ID: 200000000020938 価格体系: YLC
		QSM  最大リリース番号: 24  最大リリース日付: 23/07/01 8:59:00 有効期限: 23/07/01 8:59:00 タイプ: Token           カウント:    50  使用中: 0 顧客 ID: 200000000020938 価格体系: YLC
		QSN  最大リリース番号: 23  最大リリース日付: 23/07/01 8:59:00 有効期限: 23/07/01 8:59:00 タイプ: Token           カウント:    50  使用中: 0 顧客 ID: 200000000020938 価格体系: YLC
		QSN  最大リリース番号: 24  最大リリース日付: 23/07/01 8:59:00 有効期限: 23/07/01 8:59:00 タイプ: Token           カウント:    50  使用中: 0 顧客 ID: 200000000020938 価格体系: YLC
		QSO  最大リリース番号: 23  最大リリース日付: 23/07/01 8:59:00 有効期限: 23/07/01 8:59:00 タイプ: Token           カウント:    50  使用中: 0 顧客 ID: 200000000020938 価格体系: YLC
		QSO  最大リリース番号: 24  最大リリース日付: 23/07/01 8:59:00 有効期限: 23/07/01 8:59:00 タイプ: Token           カウント:    50  使用中: 0 顧客 ID: 200000000020938 価格体系: YLC
		QSP  最大リリース番号: 23  最大リリース日付: 23/07/01 8:59:00 有効期限: 23/07/01 8:59:00 タイプ: Token           カウント:    50  使用中: 0 顧客 ID: 200000000020938 価格体系: YLC
		QSP  最大リリース番号: 24  最大リリース日付: 23/07/01 8:59:00 有効期限: 23/07/01 8:59:00 タイプ: Token           カウント:    50  使用中: 0 顧客 ID: 200000000020938 価格体系: YLC
		QST  最大リリース番号: 23  最大リリース日付: 23/07/01 8:59:00 有効期限: 23/07/01 8:59:00 タイプ: Token           カウント:    50  使用中: 0 顧客 ID: 200000000020938 価格体系: YLC
		QST  最大リリース番号: 24  最大リリース日付: 23/07/01 8:59:00 有効期限: 23/07/01 8:59:00 タイプ: Token           カウント:    50  使用中: 0 顧客 ID: 200000000020938 価格体系: YLC
		QSZ  最大リリース番号: 23  最大リリース日付: 23/07/01 8:59:00 有効期限: 23/07/01 8:59:00 タイプ: Token           カウント:    50  使用中: 0 顧客 ID: 200000000020938 価格体系: YLC
		QSZ  最大リリース番号: 24  最大リリース日付: 23/07/01 8:59:00 有効期限: 23/07/01 8:59:00 タイプ: Token           カウント:    50  使用中: 0 顧客 ID: 200000000020938 価格体系: YLC
		QXF  最大リリース番号: 23  最大リリース日付: 23/07/01 8:59:00 有効期限: 23/07/01 8:59:00 タイプ: Token           カウント:    50  使用中: 0 顧客 ID: 200000000020938 価格体系: YLC
		QXF  最大リリース番号: 24  最大リリース日付: 23/07/01 8:59:00 有効期限: 23/07/01 8:59:00 タイプ: Token           カウント:    50  使用中: 0 顧客 ID: 200000000020938 価格体系: YLC
		QXT  最大リリース番号: 23  最大リリース日付: 23/07/01 8:59:00 有効期限: 23/07/01 8:59:00 タイプ: Token           カウント:    50  使用中: 0 顧客 ID: 200000000020938 価格体系: YLC
		QXT  最大リリース番号: 24  最大リリース日付: 23/07/01 8:59:00 有効期限: 23/07/01 8:59:00 タイプ: Token           カウント:    50  使用中: 0 顧客 ID: 200000000020938 価格体系: YLC
admin >