This file contains any messages produced by compilers while
running configure, to aid debugging if configure makes a mistake.

It was created by KMATH_FFT configure 1.0, which was
generated by GNU Autoconf 2.69.  Invocation command line was

  $ ./configure 

## --------- ##
## Platform. ##
## --------- ##

hostname = alien.ks-lapislazuli.jp
uname -m = x86_64
uname -r = 4.17.6-200.fc28.x86_64
uname -s = Linux
uname -v = #1 SMP Wed Jul 11 20:29:01 UTC 2018

/usr/bin/uname -p = x86_64
/bin/uname -X     = unknown

/bin/arch              = x86_64
/usr/bin/arch -k       = unknown
/usr/convex/getsysinfo = unknown
/usr/bin/hostinfo      = unknown
/bin/machine           = unknown
/usr/bin/oslevel       = unknown
/bin/universe          = unknown

PATH: /home/osk/miniconda/bin
PATH: /home/osk/node/bin
PATH: /usr/local/texlive/2017/bin/x86_64-linux
PATH: /opt/intel/intelpython3/bin
PATH: /opt/intel/advisor_2019.0.0.553933/bin64
PATH: /opt/intel/vtune_amplifier_2019.0.0.553900/bin64
PATH: /opt/intel/inspector_2019.0.0.551423/bin64
PATH: /opt/intel/itac/2019.0.010/intel64/bin
PATH: /opt/intel/itac/2019.0.010/intel64/bin
PATH: /opt/intel/clck/2019.b/bin/intel64
PATH: /opt/intel/compilers_and_libraries_2019.0.070/linux/bin/intel64
PATH: /opt/intel/compilers_and_libraries_2019.0.070/linux/mpi/intel64/bin
PATH: /opt/intel/debugger_2019/gdb/intel64/bin
PATH: /usr/local/Tao3D
PATH: /usr/local/blender
PATH: /usr/libexec/python3-sphinx
PATH: /usr/lib64/qt-3.3/bin
PATH: /usr/share/Modules/bin
PATH: /usr/lib64/ccache
PATH: /usr/local/bin
PATH: /usr/bin
PATH: /usr/local/sbin
PATH: /usr/sbin
PATH: /usr/brlcad/bin
PATH: /opt/intel/parallel_studio_xe_2019.0.031/bin


## ----------- ##
## Core tests. ##
## ----------- ##

configure:1908: checking for a BSD-compatible install
configure:1976: result: /usr/bin/install -c
configure:1987: checking whether build environment is sane
configure:2042: result: yes
configure:2080: WARNING: 'missing' script is too old or missing
configure:2193: checking for a thread-safe mkdir -p
configure:2232: result: /usr/bin/mkdir -p
configure:2239: checking for gawk
configure:2255: found /usr/bin/gawk
configure:2266: result: gawk
configure:2277: checking whether make sets $(MAKE)
configure:2299: result: yes
configure:2328: checking whether make supports nested variables
configure:2345: result: yes
configure:2488: checking whether ln -s works
configure:2492: result: yes
configure:2542: checking for ranlib
configure:2558: found /usr/bin/ranlib
configure:2569: result: ranlib
configure:2598: checking whether mpiifort is MPI Fortran compiler
configure:2707: checking for Fortran compiler version
configure:2716: mpiifort --version >&5
ifort (IFORT) 19.0.0.070 20180524
Copyright (C) 1985-2018 Intel Corporation.  All rights reserved.

configure:2727: $? = 0
configure:2716: mpiifort -v >&5
mpiifort for the Intel(R) MPI Library 2019 Beta Update 1 for Linux*
Copyright 2003-2018, Intel Corporation.
ifort version 19.0.0.070 Beta
configure:2727: $? = 0
configure:2716: mpiifort -V >&5
Intel(R) Fortran Intel(R) 64 Compiler for applications running on Intel(R) 64, Version 19.0.0.070 Beta Build 20180524
Copyright (C) 1985-2018 Intel Corporation.  All rights reserved.

ifort: NOTE: The Beta evaluation period for this product ends on 11-oct-2018 UTC.
configure:2727: $? = 0
configure:2716: mpiifort -qversion >&5
ifort: command line warning #10006: ignoring unknown option '-qversion'
/opt/intel/compilers_and_libraries_2019.0.070/linux/compiler/lib/intel64_lin/for_main.o: In function `main':
for_main.c:(.text+0x2a): undefined reference to `MAIN__'
configure:2727: $? = 1
configure:2742: checking whether the Fortran compiler works
configure:2764: mpiifort -qopenmp -fpp -O3  -qopenmp  conftest.f  >&5
configure:2768: $? = 0
configure:2816: result: yes
configure:2819: checking for Fortran compiler default output file name
configure:2821: result: a.out
configure:2827: checking for suffix of executables
configure:2834: mpiifort -o conftest -qopenmp -fpp -O3  -qopenmp  conftest.f  >&5
configure:2838: $? = 0
configure:2860: result: 
configure:2876: checking whether we are cross compiling
configure:2884: mpiifort -o conftest -qopenmp -fpp -O3  -qopenmp  conftest.f  >&5
configure:2888: $? = 0
configure:2895: ./conftest
configure:2899: $? = 0
configure:2914: result: no
configure:2919: checking for suffix of object files
configure:2935: mpiifort -c -qopenmp -fpp -O3   conftest.f >&5
configure:2939: $? = 0
configure:2960: result: o
configure:2968: checking whether we are using the GNU Fortran compiler
configure:2981: mpiifort -c -qopenmp -fpp -O3   conftest.F >&5
conftest.F(3): error #5082: Syntax error, found END-OF-STATEMENT when expecting one of: ( : % [ . = =>
       choke me
---------------^
conftest.F(3): error #6218: This statement is positioned incorrectly and/or has syntax errors.
       choke me
-------^
compilation aborted for conftest.F (code 1)
configure:2981: $? = 1
configure: failed program was:
|       program main
| #ifndef __GNUC__
|        choke me
| #endif
| 
|       end
configure:2990: result: no
configure:2996: checking whether mpiifort accepts -g
configure:3007: mpiifort -c -g  conftest.f >&5
configure:3007: $? = 0
configure:3015: result: yes
configure:3051: mpiifort -c -qopenmp -fpp -O3   conftest.f >&5
configure:3051: $? = 0
configure:3055: result: yes
configure:3224: checking for Fortran compiler version
configure:3233: mpiifort --version >&5
ifort (IFORT) 19.0.0.070 20180524
Copyright (C) 1985-2018 Intel Corporation.  All rights reserved.

configure:3244: $? = 0
configure:3233: mpiifort -v >&5
mpiifort for the Intel(R) MPI Library 2019 Beta Update 1 for Linux*
Copyright 2003-2018, Intel Corporation.
ifort version 19.0.0.070 Beta
configure:3244: $? = 0
configure:3233: mpiifort -V >&5
Intel(R) Fortran Intel(R) 64 Compiler for applications running on Intel(R) 64, Version 19.0.0.070 Beta Build 20180524
Copyright (C) 1985-2018 Intel Corporation.  All rights reserved.

ifort: NOTE: The Beta evaluation period for this product ends on 11-oct-2018 UTC.
configure:3244: $? = 0
configure:3233: mpiifort -qversion >&5
ifort: command line warning #10006: ignoring unknown option '-qversion'
/opt/intel/compilers_and_libraries_2019.0.070/linux/compiler/lib/intel64_lin/for_main.o: In function `main':
for_main.c:(.text+0x2a): undefined reference to `MAIN__'
configure:3244: $? = 1
configure:3253: checking whether we are using the GNU Fortran compiler
configure:3275: result: no
configure:3281: checking whether mpiifort accepts -g
configure:3300: result: yes
configure:3441: checking for Fortran 77 compiler version
configure:3450: mpiifort --version >&5
ifort (IFORT) 19.0.0.070 20180524
Copyright (C) 1985-2018 Intel Corporation.  All rights reserved.

configure:3461: $? = 0
configure:3450: mpiifort -v >&5
mpiifort for the Intel(R) MPI Library 2019 Beta Update 1 for Linux*
Copyright 2003-2018, Intel Corporation.
ifort version 19.0.0.070 Beta
configure:3461: $? = 0
configure:3450: mpiifort -V >&5
Intel(R) Fortran Intel(R) 64 Compiler for applications running on Intel(R) 64, Version 19.0.0.070 Beta Build 20180524
Copyright (C) 1985-2018 Intel Corporation.  All rights reserved.

ifort: NOTE: The Beta evaluation period for this product ends on 11-oct-2018 UTC.
configure:3461: $? = 0
configure:3450: mpiifort -qversion >&5
ifort: command line warning #10006: ignoring unknown option '-qversion'
/opt/intel/compilers_and_libraries_2019.0.070/linux/compiler/lib/intel64_lin/for_main.o: In function `main':
for_main.c:(.text+0x2a): undefined reference to `MAIN__'
configure:3461: $? = 1
configure:3470: checking whether we are using the GNU Fortran 77 compiler
configure:3483: mpiifort -c -qopenmp -fpp -O3 conftest.F >&5
conftest.F(3): error #5082: Syntax error, found END-OF-STATEMENT when expecting one of: ( : % [ . = =>
       choke me
---------------^
conftest.F(3): error #6218: This statement is positioned incorrectly and/or has syntax errors.
       choke me
-------^
compilation aborted for conftest.F (code 1)
configure:3483: $? = 1
configure: failed program was:
|       program main
| #ifndef __GNUC__
|        choke me
| #endif
| 
|       end
configure:3492: result: no
configure:3498: checking whether mpiifort accepts -g
configure:3509: mpiifort -c -g conftest.f >&5
configure:3509: $? = 0
configure:3517: result: yes
configure:3552: checking for Fortran flag needed to accept free-form source
configure:3571: mpiifort -c -qopenmp -fpp -O3   conftest.f >&5
conftest.f(2): error #5149: Illegal character in statement label field  [p]
  program freeform
--^
conftest.f(2): error #5149: Illegal character in statement label field  [r]
  program freeform
---^
conftest.f(2): error #5149: Illegal character in statement label field  [o]
  program freeform
----^
conftest.f(2): error #5118: First statement in file must not be continued
  program freeform
-----^
conftest.f(2): error #5082: Syntax error, found END-OF-STATEMENT when expecting one of: ( : % [ . = =>
  program freeform
------------------^
conftest.f(4): error #5082: Syntax error, found '&' when expecting one of: ( <IDENTIFIER> <CHAR_CON_KIND_PARAM> <CHAR_NAM_KIND_PARAM> <CHARACTER_CONSTANT> <INTEGER_CONSTANT> ...
       print *, 'Hello ', &
--------------------------^
conftest.f(5): error #5082: Syntax error, found END-OF-STATEMENT when expecting one of: (
          'world.'
------------------^
conftest.f(5): error #6274: This statement must not appear in the specification part of a module.
          'world.'
----------^
compilation aborted for conftest.f (code 1)
configure:3571: $? = 1
configure: failed program was:
| 
|   program freeform
|        ! FIXME: how to best confuse non-freeform compilers?
|        print *, 'Hello ', &
|           'world.'
|        end
configure:3571: mpiifort -c -qopenmp -fpp -O3  -ffree-form  conftest.f >&5
ifort: command line warning #10006: ignoring unknown option '-ffree-form'
conftest.f(2): error #5149: Illegal character in statement label field  [p]
  program freeform
--^
conftest.f(2): error #5149: Illegal character in statement label field  [r]
  program freeform
---^
conftest.f(2): error #5149: Illegal character in statement label field  [o]
  program freeform
----^
conftest.f(2): error #5118: First statement in file must not be continued
  program freeform
-----^
conftest.f(2): error #5082: Syntax error, found END-OF-STATEMENT when expecting one of: ( : % [ . = =>
  program freeform
------------------^
conftest.f(4): error #5082: Syntax error, found '&' when expecting one of: ( <IDENTIFIER> <CHAR_CON_KIND_PARAM> <CHAR_NAM_KIND_PARAM> <CHARACTER_CONSTANT> <INTEGER_CONSTANT> ...
       print *, 'Hello ', &
--------------------------^
conftest.f(5): error #5082: Syntax error, found END-OF-STATEMENT when expecting one of: (
          'world.'
------------------^
conftest.f(5): error #6274: This statement must not appear in the specification part of a module.
          'world.'
----------^
compilation aborted for conftest.f (code 1)
configure:3571: $? = 1
configure: failed program was:
| 
|   program freeform
|        ! FIXME: how to best confuse non-freeform compilers?
|        print *, 'Hello ', &
|           'world.'
|        end
configure:3571: mpiifort -c -qopenmp -fpp -O3  -FR  conftest.f >&5
configure:3571: $? = 0
configure:3580: result: -FR
configure:3602: checking for Fortran flag to compile preprocessed .for files
configure:3627: mpiifort -c -qopenmp -fpp -O3  -FR  conftest.for >&5
configure:3627: $? = 0
configure:3637: mpiifort -c -qopenmp -fpp -O3  -FR  conftest.for >&5
conftest.for(4): #error: can't find include file: ac_nonexistent.h
configure:3637: $? = 1
configure: failed program was:
|       program main
| 
| #if 1
| #include <ac_nonexistent.h>
|       choke me
| #endif
|       end
configure:3650: result: none
configure:3687: checking for mpiifort option to support OpenMP
configure:3702: mpiifort -o conftest -qopenmp -fpp -O3  -FR -qopenmp  conftest.for  >&5
configure:3702: $? = 0
configure:3734: result: none needed
configure:3865: checking that generated files are newer than configure
configure:3871: result: done
configure:3886: creating ./config.status

## ---------------------- ##
## Running config.status. ##
## ---------------------- ##

This file was extended by KMATH_FFT config.status 1.0, which was
generated by GNU Autoconf 2.69.  Invocation command line was

  CONFIG_FILES    = 
  CONFIG_HEADERS  = 
  CONFIG_LINKS    = 
  CONFIG_COMMANDS = 
  $ ./config.status 

on alien.ks-lapislazuli.jp

config.status:827: creating Makefile
config.status:827: creating src/Makefile
config.status:827: creating bench/Makefile
config.status:827: creating config.h
config.status:1008: config.h is unchanged

## ---------------- ##
## Cache variables. ##
## ---------------- ##

ac_cv_env_F77_set=set
ac_cv_env_F77_value=mpiifort
ac_cv_env_FCFLAGS_set=set
ac_cv_env_FCFLAGS_value='-qopenmp -fpp -O3 '
ac_cv_env_FC_set=set
ac_cv_env_FC_value=mpiifort
ac_cv_env_FFLAGS_set=set
ac_cv_env_FFLAGS_value='-qopenmp -fpp -O3'
ac_cv_env_LDFLAGS_set=set
ac_cv_env_LDFLAGS_value=-qopenmp
ac_cv_env_LIBS_set=
ac_cv_env_LIBS_value=
ac_cv_env_build_alias_set=
ac_cv_env_build_alias_value=
ac_cv_env_host_alias_set=
ac_cv_env_host_alias_value=
ac_cv_env_target_alias_set=
ac_cv_env_target_alias_value=
ac_cv_f77_compiler_gnu=no
ac_cv_fc_compiler_gnu=no
ac_cv_fc_freeform=-FR
ac_cv_fc_pp_srcext_for=none
ac_cv_objext=o
ac_cv_path_install='/usr/bin/install -c'
ac_cv_path_mkdir=/usr/bin/mkdir
ac_cv_prog_AWK=gawk
ac_cv_prog_ac_ct_RANLIB=ranlib
ac_cv_prog_f77_g=yes
ac_cv_prog_fc_g=yes
ac_cv_prog_fc_openmp='none needed'
ac_cv_prog_make_make_set=yes
am_cv_make_support_nested_variables=yes

## ----------------- ##
## Output variables. ##
## ----------------- ##

ACLOCAL='aclocal-1.15'
AMTAR='$${TAR-tar}'
AM_BACKSLASH='\'
AM_DEFAULT_V='$(AM_DEFAULT_VERBOSITY)'
AM_DEFAULT_VERBOSITY='1'
AM_V='$(V)'
AUTOCONF='autoconf'
AUTOHEADER='autoheader'
AUTOMAKE='automake-1.15'
AWK='gawk'
CYGPATH_W='echo'
DEFS='-DHAVE_CONFIG_H'
ECHO_C=''
ECHO_N='-n'
ECHO_T=''
EXEEXT=''
F77='mpiifort'
FC='mpiifort'
FCFLAGS='-qopenmp -fpp -O3  -FR'
FCFLAGS_for=''
FFLAGS='-qopenmp -fpp -O3'
INSTALL_DATA='${INSTALL} -m 644'
INSTALL_PROGRAM='${INSTALL}'
INSTALL_SCRIPT='${INSTALL}'
INSTALL_STRIP_PROGRAM='$(install_sh) -c -s'
LDFLAGS='-qopenmp '
LIBOBJS=''
LIBS=''
LN_S='ln -s'
LTLIBOBJS=''
MAKEINFO='makeinfo'
MKDIR_P='/usr/bin/mkdir -p'
MPIF90=''
OBJEXT='o'
OPENMP_FCFLAGS=''
PACKAGE='kmath_fft'
PACKAGE_BUGREPORT=''
PACKAGE_NAME='KMATH_FFT'
PACKAGE_STRING='KMATH_FFT 1.0'
PACKAGE_TARNAME='kmath_fft'
PACKAGE_URL=''
PACKAGE_VERSION='1.0'
PATH_SEPARATOR=':'
RANLIB='ranlib'
SET_MAKE=''
SHELL='/bin/sh'
STRIP=''
VERSION='1.0'
ac_ct_F77=''
ac_ct_FC=''
am__EXEEXT_FALSE=''
am__EXEEXT_TRUE='#'
am__isrc=''
am__leading_dot='.'
am__tar='$${TAR-tar} chof - "$$tardir"'
am__untar='$${TAR-tar} xf -'
bindir='${exec_prefix}/bin'
build_alias=''
datadir='${datarootdir}'
datarootdir='${prefix}/share'
docdir='${datarootdir}/doc/${PACKAGE_TARNAME}'
dvidir='${docdir}'
exec_prefix='${prefix}'
host_alias=''
htmldir='${docdir}'
includedir='${prefix}/include'
infodir='${datarootdir}/info'
install_sh='${SHELL} /share/home/osk/Latest/afi_uge/ifslib/KMATH_FFT3D-1.0/install-sh'
libdir='${exec_prefix}/lib'
libexecdir='${exec_prefix}/libexec'
localedir='${datarootdir}/locale'
localstatedir='${prefix}/var'
mandir='${datarootdir}/man'
mkdir_p='$(MKDIR_P)'
oldincludedir='/usr/include'
pdfdir='${docdir}'
prefix='/usr/local'
program_transform_name='s,x,x,'
psdir='${docdir}'
sbindir='${exec_prefix}/sbin'
sharedstatedir='${prefix}/com'
sysconfdir='${prefix}/etc'
target_alias=''

## ----------- ##
## confdefs.h. ##
## ----------- ##

/* confdefs.h */
#define PACKAGE_NAME "KMATH_FFT"
#define PACKAGE_TARNAME "kmath_fft"
#define PACKAGE_VERSION "1.0"
#define PACKAGE_STRING "KMATH_FFT 1.0"
#define PACKAGE_BUGREPORT ""
#define PACKAGE_URL ""
#define PACKAGE "kmath_fft"
#define VERSION "1.0"

configure: exit 0
