================================================================================
CLUSTER QUEUE                   CQLOAD   USED    RES  AVAIL  TOTAL aoACDS  cdsuE
================================================================================
sma.q                           0.0121      0      0   1040   2080      0   1040
================================================================================
### RUNNING JOBS  ###
---------------------------------------------------------------------------------------------------------------------------------------------------
job-ID     prior   name       user         state start at            queue                          jclass                         slots ja-task-ID
---------------------------------------------------------------------------------------------------------------------------------------------------
---------------------------------------------------------------------------------------------------------------------------------------------------
### PENDING JOBS ###
---------------------------------------------------------------------------------------------------------------------------------------------------
job-ID     prior   name       user         state submit at           queue                          jclass                         slots ja-task-ID
---------------------------------------------------------------------------------------------------------------------------------------------------
---------------------------------------------------------------------------------------------------------------------------------------------------
### Estimate start time for PENDING Jobs ###
---------------------------------------------------------------------------------------------------------------------------------------------------
job-ID     prior   name       user         state estimate start at   queue                          jclass                         slots ja-task-ID
---------------------------------------------------------------------------------------------------------------------------------------------------
---------------------------------------------------------------------------------------------------------------------------------------------------

================================================================================
CLUSTER QUEUE                   CQLOAD   USED    RES  AVAIL  TOTAL aoACDS  cdsuE
================================================================================
smb.q                           0.0183    320      0   1920   6240      0   4160
================================================================================
### RUNNING JOBS  ###
---------------------------------------------------------------------------------------------------------------------------------------------------
job-ID     prior   name       user         state start at            queue                          jclass                         slots ja-task-ID
---------------------------------------------------------------------------------------------------------------------------------------------------
      8121 0.53970 aoa000     FIa159       dr    07/24/2018 21:11:56 smb.q@afismb053                smb.B                            160
      8192 0.53970 aoa000     FIa159       r     07/25/2018 09:59:33 smb.q@afismb001                smb.B                            160
---------------------------------------------------------------------------------------------------------------------------------------------------
### PENDING JOBS ###
---------------------------------------------------------------------------------------------------------------------------------------------------
job-ID     prior   name       user         state submit at           queue                          jclass                         slots ja-task-ID
---------------------------------------------------------------------------------------------------------------------------------------------------
---------------------------------------------------------------------------------------------------------------------------------------------------
### Estimate start time for PENDING Jobs ###
---------------------------------------------------------------------------------------------------------------------------------------------------
job-ID     prior   name       user         state estimate start at   queue                          jclass                         slots ja-task-ID
---------------------------------------------------------------------------------------------------------------------------------------------------
---------------------------------------------------------------------------------------------------------------------------------------------------

================================================================================
CLUSTER QUEUE                   CQLOAD   USED    RES  AVAIL  TOTAL aoACDS  cdsuE
================================================================================
aps.q                           0.0169      0      0    960   1920      0    960
================================================================================
### RUNNING JOBS  ###
---------------------------------------------------------------------------------------------------------------------------------------------------
job-ID     prior   name       user         state start at            queue                          jclass                         slots ja-task-ID
---------------------------------------------------------------------------------------------------------------------------------------------------
---------------------------------------------------------------------------------------------------------------------------------------------------
### PENDING JOBS ###
---------------------------------------------------------------------------------------------------------------------------------------------------
job-ID     prior   name       user         state submit at           queue                          jclass                         slots ja-task-ID
---------------------------------------------------------------------------------------------------------------------------------------------------
---------------------------------------------------------------------------------------------------------------------------------------------------
### Estimate start time for PENDING Jobs ###
---------------------------------------------------------------------------------------------------------------------------------------------------
job-ID     prior   name       user         state estimate start at   queue                          jclass                         slots ja-task-ID
---------------------------------------------------------------------------------------------------------------------------------------------------
---------------------------------------------------------------------------------------------------------------------------------------------------

================================================================================
CLUSTER QUEUE                   CQLOAD   USED    RES  AVAIL  TOTAL aoACDS  cdsuE
================================================================================
single.q                        0.0003      0      0    200    200      0      0
================================================================================
### RUNNING JOBS  ###
---------------------------------------------------------------------------------------------------------------------------------------------------
job-ID     prior   name       user         state start at            queue                          jclass                         slots ja-task-ID
---------------------------------------------------------------------------------------------------------------------------------------------------
---------------------------------------------------------------------------------------------------------------------------------------------------
### PENDING JOBS ###
---------------------------------------------------------------------------------------------------------------------------------------------------
job-ID     prior   name       user         state submit at           queue                          jclass                         slots ja-task-ID
---------------------------------------------------------------------------------------------------------------------------------------------------
---------------------------------------------------------------------------------------------------------------------------------------------------
### Estimate start time for PENDING Jobs ###
---------------------------------------------------------------------------------------------------------------------------------------------------
job-ID     prior   name       user         state estimate start at   queue                          jclass                         slots ja-task-ID
---------------------------------------------------------------------------------------------------------------------------------------------------
---------------------------------------------------------------------------------------------------------------------------------------------------

================================================================================
CLUSTER QUEUE                   CQLOAD   USED    RES  AVAIL  TOTAL aoACDS  cdsuE
================================================================================
intsmp.q                        0.0000      0      0      0      0      0      0
================================================================================
### RUNNING JOBS  ###
---------------------------------------------------------------------------------------------------------------------------------------------------
job-ID     prior   name       user         state start at            queue                          jclass                         slots ja-task-ID
---------------------------------------------------------------------------------------------------------------------------------------------------
---------------------------------------------------------------------------------------------------------------------------------------------------
### PENDING JOBS ###
---------------------------------------------------------------------------------------------------------------------------------------------------
job-ID     prior   name       user         state submit at           queue                          jclass                         slots ja-task-ID
---------------------------------------------------------------------------------------------------------------------------------------------------
---------------------------------------------------------------------------------------------------------------------------------------------------
### Estimate start time for PENDING Jobs ###
---------------------------------------------------------------------------------------------------------------------------------------------------
job-ID     prior   name       user         state estimate start at   queue                          jclass                         slots ja-task-ID
---------------------------------------------------------------------------------------------------------------------------------------------------
---------------------------------------------------------------------------------------------------------------------------------------------------

================================================================================
CLUSTER QUEUE                   CQLOAD   USED    RES  AVAIL  TOTAL aoACDS  cdsuE
================================================================================
intmpi.q                        0.0005      0      0    288    288      0      0
================================================================================
### RUNNING JOBS  ###
---------------------------------------------------------------------------------------------------------------------------------------------------
job-ID     prior   name       user         state start at            queue                          jclass                         slots ja-task-ID
---------------------------------------------------------------------------------------------------------------------------------------------------
---------------------------------------------------------------------------------------------------------------------------------------------------
### PENDING JOBS ###
---------------------------------------------------------------------------------------------------------------------------------------------------
job-ID     prior   name       user         state submit at           queue                          jclass                         slots ja-task-ID
---------------------------------------------------------------------------------------------------------------------------------------------------
---------------------------------------------------------------------------------------------------------------------------------------------------
### Estimate start time for PENDING Jobs ###
---------------------------------------------------------------------------------------------------------------------------------------------------
job-ID     prior   name       user         state estimate start at   queue                          jclass                         slots ja-task-ID
---------------------------------------------------------------------------------------------------------------------------------------------------
---------------------------------------------------------------------------------------------------------------------------------------------------

================================================================================
CLUSTER QUEUE                   CQLOAD   USED    RES  AVAIL  TOTAL aoACDS  cdsuE
================================================================================
dmaL.q                          0.0004      0      0      0  11520      0  11520
================================================================================
### RUNNING JOBS  ###
---------------------------------------------------------------------------------------------------------------------------------------------------
job-ID     prior   name       user         state start at            queue                          jclass                         slots ja-task-ID
---------------------------------------------------------------------------------------------------------------------------------------------------
---------------------------------------------------------------------------------------------------------------------------------------------------
### PENDING JOBS ###
---------------------------------------------------------------------------------------------------------------------------------------------------
job-ID     prior   name       user         state submit at           queue                          jclass                         slots ja-task-ID
---------------------------------------------------------------------------------------------------------------------------------------------------
---------------------------------------------------------------------------------------------------------------------------------------------------
### Estimate start time for PENDING Jobs ###
---------------------------------------------------------------------------------------------------------------------------------------------------
job-ID     prior   name       user         state estimate start at   queue                          jclass                         slots ja-task-ID
---------------------------------------------------------------------------------------------------------------------------------------------------
---------------------------------------------------------------------------------------------------------------------------------------------------

================================================================================
CLUSTER QUEUE                   CQLOAD   USED    RES  AVAIL  TOTAL aoACDS  cdsuE
================================================================================
dmaM.q                          0.0004      0      0      0   2880      0   2880
================================================================================
### RUNNING JOBS  ###
---------------------------------------------------------------------------------------------------------------------------------------------------
job-ID     prior   name       user         state start at            queue                          jclass                         slots ja-task-ID
---------------------------------------------------------------------------------------------------------------------------------------------------
---------------------------------------------------------------------------------------------------------------------------------------------------
### PENDING JOBS ###
---------------------------------------------------------------------------------------------------------------------------------------------------
job-ID     prior   name       user         state submit at           queue                          jclass                         slots ja-task-ID
---------------------------------------------------------------------------------------------------------------------------------------------------
---------------------------------------------------------------------------------------------------------------------------------------------------
### Estimate start time for PENDING Jobs ###
---------------------------------------------------------------------------------------------------------------------------------------------------
job-ID     prior   name       user         state estimate start at   queue                          jclass                         slots ja-task-ID
---------------------------------------------------------------------------------------------------------------------------------------------------
---------------------------------------------------------------------------------------------------------------------------------------------------

================================================================================
CLUSTER QUEUE                   CQLOAD   USED    RES  AVAIL  TOTAL aoACDS  cdsuE
================================================================================
dma_01                          0.7737    767      0    193    960      0      0
dma_02                          0.7778    795      0    165    960      0      0
dma_03                          0.5864    720      0    240    960      0      0
dma_04                          0.7505    720      0    240    960      0      0
dma_05                          0.4958    516      0    444    960      0      0
dma_06                          0.4168    420      0    540    960      0      0
dma_07                          0.0006      0      0    960    960      0      0
dma_08                          0.0003      0      0    960    960      0      0
dma_09                          0.6672    640      0    320    960      0      0
dma_10                          0.0838     80      0    880    960      0      0
dma_11                          0.0004      0      0    960    960      0      0
dma_12                          0.0004      0      0    960    960      0      0
dma_13                          0.0003      0      0    960    960      0      0
dma_14                          0.0004      0      0    960    960      0      0
dma_15                          0.0006      0      0    960    960      0      0
dma_16                          0.0004      0      0    960    960      0      0
dma_17                          0.0004      0      0    960    960      0      0
dma_18                          0.0005      0      0    960    960      0      0
dma_19                          0.0004      0      0      0    960      0    960
dma_20                          0.0003      0      0      0    960      0    960
dma_21                          0.0004      0      0      0    960      0    960
dma_37                          0.0003      0      0      0    440      0    440
================================================================================
### RUNNING JOBS ###
---------------------------------------------------------------------------------------------------------------------------------------------------
job-ID     prior   name       user         state start at            queue                          jclass                         slots ja-task-ID
---------------------------------------------------------------------------------------------------------------------------------------------------
      8141 0.53970 WRF-les    FIa161       r     07/24/2018 21:47:55 dma_01@afidma024               dma.A                            300
      7405 0.52994 PCyl2_0122 FMa029       r     07/22/2018 13:53:37 dma_01@afidma016               dma.default                       20
      7411 0.52994 PCyl2_0148 FMa029       r     07/22/2018 14:22:52 dma_01@afidma006               dma.default                       20
      7512 0.52994 job0622    RFa057       r     07/23/2018 09:29:14 dma_01@afidma009               dma.A                             40
      7515 0.53970 spl        MHa024       r     07/23/2018 10:34:36 dma_01@afidma022               dma.A                             35
      7516 0.53970 spl        MHa024       r     07/23/2018 10:35:18 dma_02@afidma045               dma.A                             35
      7517 0.53970 spl        MHa024       r     07/23/2018 10:35:28 dma_02@afidma047               dma.A                             35
      7518 0.53970 spl        MHa024       r     07/23/2018 10:35:38 dma_02@afidma029               dma.A                             35
      7519 0.53970 spl        MHa024       r     07/23/2018 10:35:49 dma_02@afidma038               dma.A                             35
      7520 0.53970 spl        MHa024       r     07/23/2018 10:35:59 dma_02@afidma040               dma.A                             35
      7521 0.53970 spl        MHa024       r     07/23/2018 10:36:09 dma_02@afidma037               dma.A                             35
      7522 0.53970 spl        MHa024       r     07/23/2018 10:36:19 dma_02@afidma034               dma.A                             35
      7523 0.53970 spl        MHa024       r     07/23/2018 10:36:30 dma_02@afidma036               dma.A                             35
      7524 0.53970 spl        MHa024       r     07/23/2018 10:36:40 dma_02@afidma044               dma.A                             35
      7546 0.52994 C35_1080   NIa032       r     07/23/2018 11:04:57 dma_04@afidma096               dma.A                            160
      7547 0.52994 C35_1050   NIa032       r     07/23/2018 11:09:37 dma_01@afidma021               dma.A                            160
      7548 0.52994 C112_1020  NIa032       r     07/23/2018 11:11:36 dma_04@afidma082               dma.A                            160
      7549 0.52994 C64_1020   NIa032       r     07/23/2018 11:12:47 dma_03@afidma064               dma.A                            160
      7550 0.52994 C35_1020   NIa032       r     07/23/2018 11:13:56 dma_04@afidma092               dma.A                            160
      7583 0.52994 l0.5-0.05  FMa024       r     07/23/2018 14:18:32 dma_02@afidma035               dma.default                       40
      7584 0.52994 l0.5-0.07  FMa024       r     07/23/2018 14:19:28 dma_02@afidma039               dma.default                       40
      7585 0.52994 l0.5-0.3   FMa024       r     07/23/2018 14:20:25 dma_03@afidma069               dma.default                       40
      7586 0.52994 l0.5-0.5   FMa024       r     07/23/2018 14:20:57 dma_05@afidma108               dma.default                       40
      7591 0.52994 l0.5-0.03  FMa024       r     07/23/2018 14:27:28 dma_05@afidma100               dma.default                       40
      7592 0.52994 t0.1-0.03  FMa024       r     07/23/2018 14:30:32 dma_05@afidma116               dma.default                       40
      7594 0.52994 t0.1-0.05  FMa024       r     07/23/2018 14:31:13 dma_05@afidma109               dma.default                       40
      7595 0.52994 t0.1-0.07  FMa024       r     07/23/2018 14:31:59 dma_05@afidma106               dma.default                       40
      7597 0.52994 t0.1-0.3   FMa024       r     07/23/2018 14:32:45 dma_05@afidma102               dma.default                       40
      7598 0.52994 t0.1-0.5   FMa024       r     07/23/2018 14:33:51 dma_05@afidma120               dma.default                       40
      7614 0.52994 c0.95-0.30 FMa024       r     07/23/2018 14:59:45 dma_05@afidma099               dma.default                       40
      7746 0.52994 z=250      FMa030       r     07/23/2018 18:59:40 dma_02@afidma046               dma.default                       40
      7796 0.52994 job2       RFa001       r     07/24/2018 09:11:28 dma_01@afidma001               dma.A                             40
      7797 0.52994 job        RFa001       r     07/24/2018 09:12:23 dma_01@afidma010               dma.A                             40
      7894 0.52994 j10-4d3-5  FMa030       r     07/24/2018 13:32:57 dma_03@afidma055               dma.default                       40
      7915 0.52994 g4_l7_17   GEb001       r     07/24/2018 15:21:11 dma_01@afidma018               dma.A                             36
      7916 0.52994 g4_33_17   GEb001       r     07/24/2018 15:23:15 dma_01@afidma019               dma.A                             36
      7917 0.52994 g4_50_17   GEb001       r     07/24/2018 15:25:34 dma_01@afidma017               dma.A                             36
      7920 0.52994 g4_67_17   GEb001       r     07/24/2018 15:29:03 dma_05@afidma118               dma.A                             36
      7922 0.52994 g4_100_17  GEb001       r     07/24/2018 15:33:11 dma_01@afidma023               dma.A                             36
      7908 0.52994 PCyl2_0151 FMa029       r     07/24/2018 14:59:31 dma_01@afidma013               dma.default                       20
      7918 0.52994 job2       RFa001       r     07/24/2018 15:26:27 dma_02@afidma026               dma.A                             40
      7923 0.52994 job2       RFa036       r     07/24/2018 15:34:43 dma_03@afidma056               dma.A                             40
      7924 0.52994 job2       RFa036       r     07/24/2018 15:34:59 dma_03@afidma051               dma.A                             40
      7925 0.52994 job2       RFa036       r     07/24/2018 15:35:11 dma_05@afidma101               dma.A                             40
      7946 0.52994 PCyl1_0064 FMa029       r     07/24/2018 16:55:38 dma_01@afidma003               dma.default                       20
      7949 0.52994 PCyl1_0065 FMa029       r     07/24/2018 16:58:03 dma_02@afidma042               dma.default                       20
      7950 0.52994 PCyl1_0066 FMa029       r     07/24/2018 17:00:53 dma_02@afidma048               dma.default                       20
      7980 0.53970 AuArAu     MHc001       r     07/24/2018 18:20:47 dma_05@afidma115               dma.A                             40
      7981 0.53970 AuArAu     MHc001       r     07/24/2018 18:20:48 dma_05@afidma105               dma.A                             40
      7989 0.53970 AuArAu     MHc001       r     07/24/2018 18:26:17 dma_06@afidma143               dma.A                             40
      7990 0.53970 AuArAu     MHc001       r     07/24/2018 18:26:17 dma_06@afidma121               dma.A                             40
      7991 0.53970 AuArAu     MHc001       r     07/24/2018 18:26:18 dma_06@afidma123               dma.A                             40
      7992 0.53970 AuArAu     MHc001       r     07/24/2018 18:26:18 dma_06@afidma124               dma.A                             40
      7993 0.53970 AuArAu     MHc001       r     07/24/2018 18:26:18 dma_06@afidma127               dma.A                             40
      7994 0.53970 AuArAu     MHc001       r     07/24/2018 18:26:18 dma_06@afidma133               dma.A                             40
      7995 0.53970 AuArAu     MHc001       r     07/24/2018 18:26:19 dma_06@afidma132               dma.A                             40
      7996 0.53970 AuArAu     MHc001       r     07/24/2018 18:26:19 dma_06@afidma131               dma.A                             40
      7998 0.52994 PCyl1_0067 FMa029       r     07/24/2018 19:38:24 dma_03@afidma050               dma.default                       20
      7999 0.52994 PCyl1_0068 FMa029       r     07/24/2018 19:40:01 dma_06@afidma140               dma.default                       20
      8000 0.52994 PCyl1_0069 FMa029       r     07/24/2018 19:41:46 dma_06@afidma122               dma.default                       20
      8001 0.52994 PCyl1_0070 FMa029       r     07/24/2018 19:43:35 dma_06@afidma130               dma.default                       20
      8002 0.52994 PCyl1_0071 FMa029       r     07/24/2018 19:45:05 dma_06@afidma141               dma.default                       20
      8004 0.52994 PCyl1_0072 FMa029       r     07/24/2018 19:58:22 dma_02@afidma027               dma.default                       20
      8013 0.52994 dan_6-3    FMa030       r     07/24/2018 20:28:42 dma_02@afidma028               dma.default                       40
      8021 0.52994 dan_4-5    FMa030       r     07/24/2018 20:52:50 dma_04@afidma095               dma.default                       40
      8024 0.52994 PCyl2_0152 FMa029       r     07/24/2018 21:01:38 dma_03@afidma067               dma.default                       20
      8095 0.53970 AuArAu     MHc001       r     07/24/2018 21:05:41 dma_09@afidma199               dma.A                             40
      8096 0.53970 AuArAu     MHc001       r     07/24/2018 21:05:41 dma_09@afidma209               dma.A                             40
      8097 0.53970 AuArAu     MHc001       r     07/24/2018 21:05:41 dma_09@afidma196               dma.A                             40
      8099 0.53970 AuArAu     MHc001       r     07/24/2018 21:05:42 dma_09@afidma206               dma.A                             40
      8100 0.53970 AuArAu     MHc001       r     07/24/2018 21:05:42 dma_09@afidma210               dma.A                             40
      8101 0.53970 AuArAu     MHc001       r     07/24/2018 21:05:42 dma_09@afidma195               dma.A                             40
      8102 0.53970 AuArAu     MHc001       r     07/24/2018 21:05:42 dma_09@afidma205               dma.A                             40
      8103 0.53970 AuArAu     MHc001       r     07/24/2018 21:05:43 dma_09@afidma214               dma.A                             40
      8104 0.53970 AuArAu     MHc001       r     07/24/2018 21:05:43 dma_09@afidma200               dma.A                             40
      8105 0.53970 AuArAu     MHc001       r     07/24/2018 21:05:43 dma_09@afidma193               dma.A                             40
      8106 0.53970 AuArAu     MHc001       r     07/24/2018 21:05:43 dma_09@afidma203               dma.A                             40
      8108 0.53970 AuArAu     MHc001       r     07/24/2018 21:05:44 dma_09@afidma207               dma.A                             40
      8109 0.53970 AuArAu     MHc001       r     07/24/2018 21:05:44 dma_09@afidma204               dma.A                             40
      8110 0.53970 AuArAu     MHc001       r     07/24/2018 21:05:45 dma_09@afidma216               dma.A                             40
      8111 0.53970 AuArAu     MHc001       r     07/24/2018 21:05:45 dma_09@afidma215               dma.A                             40
      8112 0.53970 AuArAu     MHc001       r     07/24/2018 21:05:45 dma_09@afidma194               dma.A                             40
      8119 0.53970 AuArAu     MHc001       r     07/24/2018 21:10:51 dma_10@afidma230               dma.A                             40
      8120 0.53970 AuArAu     MHc001       r     07/24/2018 21:10:51 dma_10@afidma239               dma.A                             40
      8174 0.52994 v2020_1717 GEb001       r     07/25/2018 04:15:20 dma_01@afidma007               dma.A                             40
      8175 0.52994 v2020_3317 GEb001       r     07/25/2018 04:16:38 dma_01@afidma020               dma.A                             40
      8176 0.52994 v2020_5017 GEb001       r     07/25/2018 04:18:22 dma_01@afidma011               dma.A                             40
      8177 0.52994 v2020_6717 GEb001       r     07/25/2018 04:19:54 dma_01@afidma015               dma.A                             40
      8178 0.52994 v2020_8317 GEb001       r     07/25/2018 04:21:20 dma_01@afidma005               dma.A                             40
      8179 0.52994 v202010017 GEb001       r     07/25/2018 04:22:35 dma_01@afidma008               dma.A                             40
      8180 0.52994 V=400      CFb004       r     07/25/2018 09:04:09 dma_01@afidma004               dma.A                              8
      8203 0.52994 PCyl2_0153 FMa029       r     07/25/2018 10:07:30 dma_01@afidma002               dma.default                       20
      8206 0.52994 PCyl2_0154 FMa029       r     07/25/2018 10:14:01 dma_01@afidma012               dma.default                       20
      8207 0.52994 PCyl2_0155 FMa029       r     07/25/2018 10:16:11 dma_01@afidma014               dma.default                       20
      8209 0.52994 PCyl2_0156 FMa029       r     07/25/2018 10:17:36 dma_02@afidma041               dma.default                       20
      8210 0.52994 PCyl2_0157 FMa029       r     07/25/2018 10:18:52 dma_02@afidma043               dma.default                       20
      8211 0.53970 spl        MHa024       r     07/25/2018 10:21:13 dma_02@afidma031               dma.A                             40
      8212 0.52994 PCyl2_0158 FMa029       r     07/25/2018 10:21:15 dma_02@afidma025               dma.default                       20
      8218 0.53970 spl        MHa024       r     07/25/2018 10:50:19 dma_02@afidma032               dma.A                             40
      8219 0.53970 spl        MHa024       r     07/25/2018 10:50:40 dma_03@afidma052               dma.A                             40
      8220 0.53970 spl        MHa024       r     07/25/2018 10:51:00 dma_03@afidma072               dma.A                             40
      8221 0.53970 spl        MHa024       r     07/25/2018 10:51:20 dma_03@afidma063               dma.A                             40
      8222 0.53970 spl        MHa024       r     07/25/2018 10:51:41 dma_03@afidma062               dma.A                             40
      8223 0.53970 spl        MHa024       r     07/25/2018 10:52:01 dma_03@afidma071               dma.A                             40
      8224 0.53970 spl        MHa024       r     07/25/2018 10:52:21 dma_03@afidma060               dma.A                             40
      8225 0.53970 spl        MHa024       r     07/25/2018 10:52:41 dma_03@afidma057               dma.A                             40
      8226 0.53970 spl        MHa024       r     07/25/2018 10:53:02 dma_03@afidma058               dma.A                             40
---------------------------------------------------------------------------------------------------------------------------------------------------
### PENDING JOBS ###
---------------------------------------------------------------------------------------------------------------------------------------------------
job-ID     prior   name       user         state submit at           queue                          jclass                         slots ja-task-ID
---------------------------------------------------------------------------------------------------------------------------------------------------
      6608 0.52994 fds660     fj-aoyagi    qw    07/19/2018 10:23:04                                dma.A                             16
      6609 0.52994 of50       fj-aoyagi    qw    07/19/2018 10:23:47                                dma.A                              8
---------------------------------------------------------------------------------------------------------------------------------------------------
### Estimate start time for PENDING Jobs ###
---------------------------------------------------------------------------------------------------------------------------------------------------
job-ID     prior   name       user         state estimate start at   queue                          jclass                         slots ja-task-ID
      6608 0.52994 fds660     fj-aoyagi    qw    07/25/2018 22:47:55                                dma.A                             16
      6609 0.52994 of50       fj-aoyagi    qw    07/26/2018 17:53:37                                dma.A                              8
---------------------------------------------------------------------------------------------------------------------------------------------------

