2018/07/12 21:30:19:846 I STARTSERVER Server version 6.420.0 built on Sep 14, 2017 6:02:38 PM
2018/07/12 21:30:19:849 I STARTSERVER Start server options [].
2018/07/12 21:30:19:849 I STARTSERVER Java version "1.8.0_144" - Red Hat Enterprise Linux Server release 7.3 (Maipo)
2018/07/12 21:30:19:849 I STARTSERVER Java(TM) SE Runtime Environment (build 1.8.0_144-b01)
2018/07/12 21:30:19:849 I STARTSERVER Java HotSpot(TM) 64-Bit Server VM (build 25.144-b01, mixed mode)
2018/07/12 21:30:20:621 I LICENSEDATA Activating group 0 for license id 26PV3-FB4TB-JHC18-HRL24-TP65G
2018/07/12 21:30:20:842 I STARTSERVER Computer name afimgr001, computerId NDQ-519F141B0EE43652 (based on device eno1)
2018/07/12 21:30:20:883 I LICENSESERV Licensing service started
2018/07/12 21:30:20:887 I STARTSERVER Ready: administration port 4084, licensing port 4085
2018/07/13 19:56:46:677 I CLIENTMSG   /timestamp=1531479406/action=out/version=2018/feature=QAE/requested=40/status=0/username=fj-oda/hostname=afirws017/processId=83146/cpus=1
2018/07/13 19:59:02:791 W LICENSESERV QAE not granted, no more available license ( from client afirws017 (5204170F6F7DE01C-ac15fc2e.1)/172.21.252.46|fj-oda|/tmpfj-oda83337QAE|/work/A/isv/abaqus/CAE/2018/linux_a64/code/bin/ABQcaeK ( 83337) )
2018/07/13 20:01:12:520 I CLIENTMSG   /timestamp=1531479672/action=out/version=2018/feature=QAE/requested=40/status=0/username=fj-oda/hostname=afirws017/processId=83422/cpus=1
2018/07/13 20:07:33:278 I CLIENTMSG   /timestamp=1531480053/action=in/version=2018/feature=QAE/requested=40/status=0/username=fj-oda/hostname=afirws017/processId=83422/cpus=1
2018/07/13 20:08:16:237 I CLIENTMSG   /timestamp=1531480096/action=out/version=2018/feature=QAE/requested=40/status=0/username=fj-oda/hostname=afirws017/processId=83801/cpus=1
2018/07/13 20:12:01:495 I CLIENTMSG   /timestamp=1531480321/action=in/version=2018/feature=QAE/requested=40/status=0/username=fj-oda/hostname=afirws017/processId=83801/cpus=1
2018/07/13 20:13:30:156 I CLIENTMSG   /timestamp=1531480410/action=out/version=2018/feature=QAE/requested=40/status=0/username=fj-oda/hostname=afirws017/processId=84107/cpus=1
2018/07/13 20:16:12:660 I CLIENTMSG   /timestamp=1531480572/action=in/version=2018/feature=QAE/requested=40/status=0/username=fj-oda/hostname=afirws017/processId=84107/cpus=1
2018/07/17 10:24:40:473 I ADMINSERVER Administration connection started with afimgr001(10.2.21.10), console mode
2018/07/17 10:24:40:474 I ADMINSERVER Connect command issued
2018/07/17 10:24:53:603 I ADMINSERVER GetConfig command issued
2018/07/17 10:25:05:272 I ADMINSERVER GetConfig command issued
2018/07/17 10:25:14:371 I ADMINSERVER GetLicenses command issued
2018/07/17 10:25:31:277 I ADMINSERVER GetLicenses command issued
2018/07/17 10:26:34:361 I ADMINSERVER GetLicenseUsage command issued
2018/07/17 10:27:12:240 I ADMINSERVER GetLicenses command issued
2018/07/17 10:35:34:766 I ADMINSERVER Administration connection ended with afimgr001(10.2.21.10)
2018/07/17 10:51:15:382 I ADMINSERVER Administration connection started with afimgr001(10.2.21.10), console mode
2018/07/17 10:51:15:382 I ADMINSERVER Connect command issued
2018/07/17 10:51:24:621 I ADMINSERVER GetLicenses command issued
2018/07/17 11:15:07:640 I ADMINSERVER Administration connection ended with afimgr001(10.2.21.10)
2018/07/17 18:36:17:878 I CLIENTMSG   /timestamp=1531820177/action=out/version=3DEXPERIENCE R2018x/feature=QEX/requested=76/status=0/username=fj-oda/hostname=afidma096/processId=77885/enablers=QPL,/queue_time=0/cpus=4
2018/07/17 18:39:47:438 I CLIENTMSG   /timestamp=1531820387/action=out/version=3DEXPERIENCE R2018x/feature=QFT/requested=46/status=0/username=fj-oda/hostname=afidma046/processId=79255/enablers=QPL,/queue_time=60/cpus=4
2018/07/17 18:40:08:315 I CLIENTMSG   /timestamp=1531820408/action=in/version=3DEXPERIENCE R2018x/feature=QFT/requested=46/status=0/username=fj-oda/hostname=afidma046/processId=79255/enablers=QPL,/queue_time=60/cpus=4
2018/07/17 18:40:29:038 I CLIENTMSG   /timestamp=1531820429/action=out/version=3DEXPERIENCE R2018x/feature=QEX/requested=76/status=0/username=fj-oda/hostname=afidma090/processId=77868/enablers=QPL,/queue_time=30/cpus=4
2018/07/17 18:42:08:492 I CLIENTMSG   /timestamp=1531820528/action=in/version=3DEXPERIENCE R2018x/feature=QEX/requested=76/status=0/username=fj-oda/hostname=afidma090/processId=77868/enablers=QPL,/queue_time=30/cpus=4
2018/07/18 08:57:29:615 I CLIENTMSG   /timestamp=1531871849/action=out/version=3DEXPERIENCE R2018x/feature=QEX/requested=76/status=0/username=fj-oda/hostname=afidma014/processId=88574/enablers=QPL,/queue_time=0/cpus=4
2018/07/18 08:59:10:715 I CLIENTMSG   /timestamp=1531871950/action=in/version=3DEXPERIENCE R2018x/feature=QEX/requested=76/status=0/username=fj-oda/hostname=afidma014/processId=88574/enablers=QPL,/queue_time=0/cpus=4
2018/07/18 08:59:22:294 I CLIENTMSG   /timestamp=1531871962/action=out/version=3DEXPERIENCE R2018x/feature=QFT/requested=46/status=0/username=fj-oda/hostname=afidma018/processId=88980/enablers=QPL,/queue_time=90/cpus=4
2018/07/18 08:59:42:871 I CLIENTMSG   /timestamp=1531871982/action=in/version=3DEXPERIENCE R2018x/feature=QFT/requested=46/status=0/username=fj-oda/hostname=afidma018/processId=88980/enablers=QPL,/queue_time=90/cpus=4
2018/07/18 10:46:16:183 I CLIENTMSG   /timestamp=1531878376/action=out/version=3DEXPERIENCE R2018x/feature=QFT/requested=62/status=0/username=fj-oda/hostname=afidma091/processId=88213/enablers=QPL,/queue_time=0/cpus=8
2018/07/18 10:46:32:923 I CLIENTMSG   /timestamp=1531878392/action=in/version=3DEXPERIENCE R2018x/feature=QFT/requested=62/status=0/username=fj-oda/hostname=afidma091/processId=88213/enablers=QPL,/queue_time=0/cpus=8
2018/07/18 10:48:16:753 I CLIENTMSG   /timestamp=1531878496/action=out/version=3DEXPERIENCE R2018x/feature=QFT/requested=75/status=0/username=fj-oda/hostname=afidma085/processId=90086/enablers=QPL,/queue_time=0/cpus=12
2018/07/18 10:48:32:732 I CLIENTMSG   /timestamp=1531878512/action=in/version=3DEXPERIENCE R2018x/feature=QFT/requested=75/status=0/username=fj-oda/hostname=afidma085/processId=90086/enablers=QPL,/queue_time=0/cpus=12
2018/07/18 10:49:47:335 I CLIENTMSG   /timestamp=1531878587/action=out/version=3DEXPERIENCE R2018x/feature=QFT/requested=75/status=0/username=fj-oda/hostname=afidma085/processId=90379/enablers=QPL,/queue_time=0/cpus=12
2018/07/18 10:50:03:355 I CLIENTMSG   /timestamp=1531878603/action=in/version=3DEXPERIENCE R2018x/feature=QFT/requested=75/status=0/username=fj-oda/hostname=afidma085/processId=90379/enablers=QPL,/queue_time=0/cpus=12
2018/07/18 15:05:17:372 I CLIENTMSG   /timestamp=1531893917/action=out/version=2018/feature=QAE/requested=40/status=0/username=fj-oda/hostname=afirws017/processId=91396/cpus=1
2018/07/18 15:07:27:489 W LICENSESERV QAE not granted, no more available license ( from client afirws017 (5204170F6F7DE01C-ac15fc2e.2)/172.21.252.46|fj-oda|/tmpfj-oda91527QAE|/work/A/isv/abaqus/CAE/2018/linux_a64/code/bin/ABQcaeK ( 91527) )
2018/07/18 15:11:26:311 I CLIENTMSG   /timestamp=1531894286/action=in/version=2018/feature=QAE/requested=40/status=0/username=fj-oda/hostname=afirws017/processId=91396/cpus=1
2018/07/18 16:55:40:474 I ADMINSERVER Administration connection started with afimgr001(10.2.21.10), console mode
2018/07/18 16:55:40:474 I ADMINSERVER Connect command issued
2018/07/18 16:55:47:352 I ADMINSERVER GetLicenses command issued
2018/07/18 16:55:54:781 I ADMINSERVER GetLicenses command issued
2018/07/18 16:56:06:021 I ADMINSERVER GetLicenses command issued
2018/07/18 16:56:11:754 I ADMINSERVER GetLicenses command issued
2018/07/18 16:58:52:097 I ADMINSERVER Administration connection ended with afimgr001(10.2.21.10)
2018/07/18 17:08:47:362 I ADMINSERVER Administration connection started with afimgr001(10.2.21.10), console mode
2018/07/18 17:08:47:363 I ADMINSERVER Connect command issued
2018/07/18 17:08:52:440 I ADMINSERVER GetLicenses command issued
2018/07/18 17:10:05:580 I ADMINSERVER Administration connection ended with afimgr001(10.2.21.10)
2018/07/19 08:45:28:018 I CLIENTMSG   /timestamp=1531957528/action=out/version=2018/feature=QAE/requested=40/status=0/username=fj-oda/hostname=afirws017/processId=126478/cpus=1
2018/07/19 08:46:29:924 W LICENSESERV QAE not granted, no more available license ( from client afirws017 (5204170F6F7DE01C-ac15fc2e.2)/172.21.252.46|fj-oda|/tmpfj-oda126624QAE|/work/A/isv/abaqus/CAE/2018/linux_a64/code/bin/ABQcaeK ( 126624) )
2018/07/19 09:12:43:925 I CLIENTMSG   /timestamp=1531959163/action=in/version=2018/feature=QAE/requested=40/status=0/username=fj-oda/hostname=afirws017/processId=126478/cpus=1
2018/07/19 13:07:58:731 I CLIENTMSG   /timestamp=1531973278/action=out/version=3DEXPERIENCE R2018x/feature=QEX/requested=76/status=0/username=fj-oda/hostname=afidma057/processId=105377/enablers=QPL,/queue_time=0/cpus=4
2018/07/19 13:09:37:681 I CLIENTMSG   /timestamp=1531973377/action=in/version=3DEXPERIENCE R2018x/feature=QEX/requested=76/status=0/username=fj-oda/hostname=afidma057/processId=105377/enablers=QPL,/queue_time=0/cpus=4
2018/07/19 13:09:46:175 I CLIENTMSG   /timestamp=1531973386/action=out/version=3DEXPERIENCE R2018x/feature=QFT/requested=46/status=0/username=fj-oda/hostname=afidma058/processId=110686/enablers=QPL,/queue_time=90/cpus=4
2018/07/19 13:10:05:681 I CLIENTMSG   /timestamp=1531973405/action=in/version=3DEXPERIENCE R2018x/feature=QFT/requested=46/status=0/username=fj-oda/hostname=afidma058/processId=110686/enablers=QPL,/queue_time=90/cpus=4
2018/07/19 14:11:45:108 I CLIENTMSG   /timestamp=1531977105/action=out/version=3DEXPERIENCE R2018x/feature=QEX/requested=76/status=0/username=fj-oda/hostname=afiaps027/processId=163639/enablers=QPL,/queue_time=0/cpus=4
2018/07/19 14:19:44:196 I CLIENTMSG   /timestamp=1531977583/action=out/version=3DEXPERIENCE R2018x/feature=QEX/requested=76/status=0/username=fj-oda/hostname=afiaps027/processId=163830/enablers=QPL,/queue_time=0/cpus=4
2018/07/19 16:39:55:923 I CLIENTMSG   /timestamp=1531985995/action=in/version=3DEXPERIENCE R2018x/feature=QEX/requested=76/status=0/username=fj-oda/hostname=afiaps027/processId=163830/enablers=QPL,/queue_time=0/cpus=4
2018/07/19 16:41:53:635 I CLIENTMSG   /timestamp=1531986113/action=out/version=3DEXPERIENCE R2018x/feature=QFT/requested=46/status=0/username=fj-oda/hostname=afiaps027/processId=168289/enablers=QPL,/queue_time=0/cpus=4
2018/07/20 14:06:29:913 I CLIENTMSG   /timestamp=1532063189/action=out/version=3DEXPERIENCE R2018x/feature=QFT/requested=30/status=0/username=fj-oda/hostname=afiaps027/processId=36276/queue_time=0/cpus=1
2018/07/20 14:35:27:701 I CLIENTMSG   /timestamp=1532064927/action=in/version=3DEXPERIENCE R2018x/feature=QFT/requested=30/status=0/username=fj-oda/hostname=afiaps027/processId=36276/queue_time=0/cpus=1
2018/07/25 09:04:54:552 I CLIENTMSG   /timestamp=1532477094/action=out/version=3DEXPERIENCE R2018x/feature=QFT/requested=30/status=0/username=fj-oda/hostname=afismb183/processId=130320/queue_time=0/cpus=1
2018/07/25 09:11:50:579 I CLIENTMSG   /timestamp=1532477510/action=in/version=3DEXPERIENCE R2018x/feature=QFT/requested=30/status=0/username=fj-oda/hostname=afismb183/processId=130320/queue_time=0/cpus=1
2018/07/25 10:39:20:463 I CLIENTMSG   /timestamp=1532482760/action=out/version=3DEXPERIENCE R2018x/feature=QFT/requested=30/status=0/username=fj-oda/hostname=afismb183/processId=132123/queue_time=0/cpus=1
2018/07/25 10:44:31:822 I CLIENTMSG   /timestamp=1532483071/action=out/version=3DEXPERIENCE R2018x/feature=QFT/requested=46/status=0/username=fj-oda/hostname=afismb183/processId=132441/enablers=QPL,/queue_time=0/cpus=4
2018/07/25 10:57:58:395 I CLIENTMSG   /timestamp=1532483878/action=in/version=3DEXPERIENCE R2018x/feature=QFT/requested=46/status=0/username=fj-oda/hostname=afismb183/processId=132441/enablers=QPL,/queue_time=0/cpus=4
2018/07/25 11:17:37:778 I CLIENTMSG   /timestamp=1532485057/action=out/version=3DEXPERIENCE R2018x/feature=QEX/requested=76/status=0/username=fj-oda/hostname=afismb183/processId=132982/enablers=QPL,/queue_time=0/cpus=4
2018/07/25 13:47:03:511 I CLIENTMSG   /timestamp=1532494023/action=out/version=3DEXPERIENCE R2018x/feature=QEX/requested=76/status=0/username=fj-oda/hostname=afismb183/processId=140514/enablers=QPL,/queue_time=0/cpus=4
2018/07/26 10:22:31:492 I CLIENTMSG   /timestamp=1532568151/action=out/version=3DEXPERIENCE R2018x/feature=QEX/requested=76/status=0/username=fj-oda/hostname=afismb183/processId=35697/enablers=QPL,/queue_time=0/cpus=4
2018/07/27 10:41:23:403 I CLIENTMSG   /timestamp=1532655683/action=out/version=3DEXPERIENCE R2018x/feature=QFT/requested=46/status=0/username=fj-oda/hostname=afidma003/processId=234526/enablers=QPL,/queue_time=0/cpus=4
2018/07/27 10:41:45:933 I CLIENTMSG   /timestamp=1532655705/action=in/version=3DEXPERIENCE R2018x/feature=QFT/requested=46/status=0/username=fj-oda/hostname=afidma003/processId=234526/enablers=QPL,/queue_time=0/cpus=4
2018/07/27 10:42:26:141 I CLIENTMSG   /timestamp=1532655746/action=out/version=3DEXPERIENCE R2018x/feature=QEX/requested=76/status=0/username=fj-oda/hostname=afidma003/processId=234762/enablers=QPL,/queue_time=0/cpus=4
2018/07/27 10:44:04:607 I CLIENTMSG   /timestamp=1532655844/action=in/version=3DEXPERIENCE R2018x/feature=QEX/requested=76/status=0/username=fj-oda/hostname=afidma003/processId=234762/enablers=QPL,/queue_time=0/cpus=4
2018/07/27 14:24:32:083 I CLIENTMSG   /timestamp=1532669072/action=out/version=3DEXPERIENCE R2018x/feature=QFT/requested=46/status=0/username=fj-oda/hostname=afismb157/processId=4704/enablers=QPL,/queue_time=0/cpus=4
2018/07/27 14:30:22:278 I CLIENTMSG   /timestamp=1532669422/action=out/version=3DEXPERIENCE R2018x/feature=QFT/requested=46/status=0/username=fj-oda/hostname=afismb157/processId=4851/enablers=QPL,/queue_time=0/cpus=4
2018/07/27 14:30:54:534 I CLIENTMSG   /timestamp=1532669454/action=in/version=3DEXPERIENCE R2018x/feature=QFT/requested=46/status=0/username=fj-oda/hostname=afismb157/processId=4851/enablers=QPL,/queue_time=0/cpus=4
2018/07/27 14:32:08:560 I CLIENTMSG   /timestamp=1532669528/action=out/version=3DEXPERIENCE R2018x/feature=QFT/requested=46/status=0/username=fj-oda/hostname=afismb157/processId=4956/enablers=QPL,/queue_time=0/cpus=4
2018/07/27 14:37:23:340 I CLIENTMSG   /timestamp=1532669843/action=in/version=3DEXPERIENCE R2018x/feature=QFT/requested=46/status=0/username=fj-oda/hostname=afismb157/processId=4956/enablers=QPL,/queue_time=0/cpus=4
2018/07/27 14:38:23:910 I CLIENTMSG   /timestamp=1532669903/action=out/version=3DEXPERIENCE R2018x/feature=QEX/requested=76/status=0/username=fj-oda/hostname=afismb157/processId=5094/enablers=QPL,/queue_time=0/cpus=4
2018/07/27 14:41:20:058 I CLIENTMSG   /timestamp=1532670080/action=in/version=3DEXPERIENCE R2018x/feature=QEX/requested=76/status=0/username=fj-oda/hostname=afismb157/processId=5094/enablers=QPL,/queue_time=0/cpus=4
2018/07/27 14:41:49:173 I CLIENTMSG   /timestamp=1532670108/action=out/version=3DEXPERIENCE R2018x/feature=QFT/requested=46/status=0/username=fj-oda/hostname=afismb157/processId=5238/enablers=QPL,/queue_time=0/cpus=4
2018/07/27 14:45:45:368 I CLIENTMSG   /timestamp=1532670345/action=in/version=3DEXPERIENCE R2018x/feature=QFT/requested=46/status=0/username=fj-oda/hostname=afismb157/processId=5238/enablers=QPL,/queue_time=0/cpus=4
2018/07/27 14:47:48:918 I CLIENTMSG   /timestamp=1532670468/action=out/version=3DEXPERIENCE R2018x/feature=QFT/requested=46/status=0/username=fj-oda/hostname=afismb157/processId=5373/enablers=QPL,/queue_time=0/cpus=4
2018/07/27 14:49:37:607 I CLIENTMSG   /timestamp=1532670577/action=out/version=3DEXPERIENCE R2018x/feature=QFT/requested=46/status=0/username=fj-oda/hostname=afismb157/processId=5525/enablers=QPL,/queue_time=0/cpus=4
2018/07/27 15:08:47:331 I CLIENTMSG   /timestamp=1532671727/action=out/version=3DEXPERIENCE R2018x/feature=QFT/requested=46/status=0/username=fj-oda/hostname=afismb145/processId=19749/enablers=QPL,/queue_time=0/cpus=4
2018/07/27 15:15:11:727 I CLIENTMSG   /timestamp=1532672111/action=in/version=3DEXPERIENCE R2018x/feature=QFT/requested=46/status=0/username=fj-oda/hostname=afismb145/processId=19749/enablers=QPL,/queue_time=0/cpus=4
2018/07/27 15:21:58:763 I CLIENTMSG   /timestamp=1532672518/action=out/version=3DEXPERIENCE R2018x/feature=QFT/requested=46/status=0/username=fj-oda/hostname=afismb141/processId=19606/enablers=QPL,/queue_time=0/cpus=4
2018/07/27 15:23:17:559 I CLIENTMSG   /timestamp=1532672597/action=in/version=3DEXPERIENCE R2018x/feature=QFT/requested=46/status=0/username=fj-oda/hostname=afismb141/processId=19606/enablers=QPL,/queue_time=0/cpus=4
2018/07/27 15:27:27:078 I CLIENTMSG   /timestamp=1532672847/action=out/version=3DEXPERIENCE R2018x/feature=QFT/requested=46/status=0/username=fj-oda/hostname=afismb139/processId=19692/enablers=QPL,/queue_time=0/cpus=4
2018/07/27 15:29:53:428 I CLIENTMSG   /timestamp=1532672993/action=in/version=3DEXPERIENCE R2018x/feature=QFT/requested=46/status=0/username=fj-oda/hostname=afismb139/processId=19692/enablers=QPL,/queue_time=0/cpus=4
2018/07/27 15:36:23:952 I CLIENTMSG   /timestamp=1532673383/action=out/version=3DEXPERIENCE R2018x/feature=QFT/requested=46/status=0/username=fj-oda/hostname=afismb147/processId=19721/enablers=QPL,/queue_time=0/cpus=4
2018/07/27 15:54:57:429 I CLIENTMSG   /timestamp=1532674497/action=in/version=3DEXPERIENCE R2018x/feature=QFT/requested=46/status=0/username=fj-oda/hostname=afismb147/processId=19721/enablers=QPL,/queue_time=0/cpus=4
2018/07/27 16:00:45:189 I CLIENTMSG   /timestamp=1532674845/action=out/version=3DEXPERIENCE R2018x/feature=QEX/requested=76/status=0/username=fj-oda/hostname=afismb181/processId=23058/enablers=QPL,/queue_time=0/cpus=4
2018/07/27 16:02:21:867 I CLIENTMSG   /timestamp=1532674941/action=in/version=3DEXPERIENCE R2018x/feature=QEX/requested=76/status=0/username=fj-oda/hostname=afismb181/processId=23058/enablers=QPL,/queue_time=0/cpus=4
2018/07/27 16:04:06:717 I CLIENTMSG   /timestamp=1532675046/action=out/version=3DEXPERIENCE R2018x/feature=QEX/requested=76/status=0/username=fj-oda/hostname=afismb141/processId=20140/enablers=QPL,/queue_time=0/cpus=4
2018/07/27 16:13:16:102 I CLIENTMSG   /timestamp=1532675596/action=out/version=3DEXPERIENCE R2018x/feature=QEX/requested=76/status=0/username=fj-oda/hostname=afismb137/processId=25641/enablers=QPL,/queue_time=0/cpus=4
2018/07/27 16:18:14:840 I CLIENTMSG   /timestamp=1532675894/action=in/version=3DEXPERIENCE R2018x/feature=QEX/requested=76/status=0/username=fj-oda/hostname=afismb137/processId=25641/enablers=QPL,/queue_time=0/cpus=4
2018/07/27 16:21:19:543 I CLIENTMSG   /timestamp=1532676079/action=out/version=3DEXPERIENCE R2018x/feature=QEX/requested=76/status=0/username=fj-oda/hostname=afismb134/processId=38263/enablers=QPL,/queue_time=0/cpus=4
2018/07/27 16:22:06:283 I CLIENTMSG   /timestamp=1532676125/action=in/version=3DEXPERIENCE R2018x/feature=QEX/requested=76/status=0/username=fj-oda/hostname=afismb134/processId=38263/enablers=QPL,/queue_time=0/cpus=4
2018/07/27 16:32:15:475 I CLIENTMSG   /timestamp=1532676735/action=out/version=3DEXPERIENCE R2018x/feature=QEX/requested=76/status=0/username=fj-oda/hostname=afismb133/processId=37042/enablers=QPL,/queue_time=0/cpus=4
2018/07/27 16:36:40:591 I CLIENTMSG   /timestamp=1532677000/action=in/version=3DEXPERIENCE R2018x/feature=QEX/requested=76/status=0/username=fj-oda/hostname=afismb133/processId=37042/enablers=QPL,/queue_time=0/cpus=4
2018/07/27 16:37:47:904 I CLIENTMSG   /timestamp=1532677066/action=out/version=3DEXPERIENCE R2018x/feature=QEX/requested=50/status=0/username=fj-oda/hostname=afismb181/processId=23513/queue_time=0/cpus=1
2018/07/27 16:50:12:699 I CLIENTMSG   /timestamp=1532677812/action=in/version=3DEXPERIENCE R2018x/feature=QEX/requested=50/status=0/username=fj-oda/hostname=afismb181/processId=23513/queue_time=0/cpus=1
2018/08/01 15:27:28:884 I CLIENTMSG   /timestamp=1533104848/action=out/version=3DEXPERIENCE R2018x/feature=QEX/requested=50/status=0/username=fj-hotta/hostname=afismb165/processId=26768/queue_time=0/cpus=1
2018/08/01 15:49:52:584 I CLIENTMSG   /timestamp=1533106192/action=in/version=3DEXPERIENCE R2018x/feature=QEX/requested=50/status=0/username=fj-hotta/hostname=afismb165/processId=26768/queue_time=0/cpus=1
2018/08/01 15:59:10:284 I CLIENTMSG   /timestamp=1533106750/action=out/version=3DEXPERIENCE R2018x/feature=QEX/requested=50/status=0/username=fj-hotta/hostname=afismb165/processId=27135/queue_time=0/cpus=1
2018/08/01 16:25:22:775 I CLIENTMSG   /timestamp=1533108322/action=in/version=3DEXPERIENCE R2018x/feature=QEX/requested=50/status=0/username=fj-hotta/hostname=afismb165/processId=27135/queue_time=0/cpus=1
2018/08/01 16:28:30:538 I CLIENTMSG   /timestamp=1533108509/action=out/version=3DEXPERIENCE R2018x/feature=QEX/requested=50/status=0/username=fj-hotta/hostname=afismb165/processId=27581/queue_time=0/cpus=1
2018/08/01 16:59:58:695 I CLIENTMSG   /timestamp=1533110397/action=in/version=3DEXPERIENCE R2018x/feature=QEX/requested=50/status=0/username=fj-hotta/hostname=afismb165/processId=27581/queue_time=0/cpus=1
2018/08/01 17:21:54:480 I CLIENTMSG   /timestamp=1533111713/action=out/version=3DEXPERIENCE R2018x/feature=QEX/requested=50/status=0/username=fj-hotta/hostname=afismb165/processId=28215/queue_time=0/cpus=1
2018/08/01 18:10:09:492 I CLIENTMSG   /timestamp=1533114608/action=in/version=3DEXPERIENCE R2018x/feature=QEX/requested=50/status=0/username=fj-hotta/hostname=afismb165/processId=28215/queue_time=0/cpus=1
2018/08/01 18:37:31:010 I CLIENTMSG   /timestamp=1533116250/action=out/version=3DEXPERIENCE R2018x/feature=QEX/requested=50/status=0/username=fj-hotta/hostname=afismb165/processId=30783/queue_time=0/cpus=1
2018/08/01 18:49:52:091 I CLIENTMSG   /timestamp=1533116992/action=in/version=3DEXPERIENCE R2018x/feature=QEX/requested=50/status=0/username=fj-hotta/hostname=afismb165/processId=30783/queue_time=0/cpus=1
2018/08/01 18:52:29:709 I CLIENTMSG   /timestamp=1533117149/action=out/version=3DEXPERIENCE R2018x/feature=QEX/requested=50/status=0/username=fj-hotta/hostname=afismb165/processId=31042/queue_time=0/cpus=1
2018/08/01 19:46:26:953 I CLIENTMSG   /timestamp=1533120386/action=in/version=3DEXPERIENCE R2018x/feature=QEX/requested=50/status=0/username=fj-hotta/hostname=afismb165/processId=31042/queue_time=0/cpus=1
2018/08/01 19:47:18:452 I CLIENTMSG   /timestamp=1533120438/action=out/version=3DEXPERIENCE R2018x/feature=QEX/requested=50/status=0/username=fj-hotta/hostname=afismb165/processId=31751/queue_time=0/cpus=1
2018/08/01 20:05:43:853 I CLIENTMSG   /timestamp=1533121543/action=in/version=3DEXPERIENCE R2018x/feature=QEX/requested=50/status=0/username=fj-hotta/hostname=afismb165/processId=31751/queue_time=0/cpus=1
